<?xml version="1.0" encoding="UTF-8"?>
<testng-results ignored="0" total="1" passed="0" failed="1" skipped="0">
  <reporter-output>
  </reporter-output>
  <suite started-at="2022-08-20T10:02:57 IST" name="Default suite" finished-at="2022-08-20T10:03:31 IST" duration-ms="34173">
    <groups>
    </groups>
    <test started-at="2022-08-20T10:02:57 IST" name="Default test" finished-at="2022-08-20T10:03:31 IST" duration-ms="34173">
      <class name="testcases.NavigationPageTC">
        <test-method is-config="true" signature="initialize()[pri:0, instance:testcases.NavigationPageTC@d706f19]" started-at="2022-08-20T10:02:57 IST" name="initialize" finished-at="2022-08-20T10:03:27 IST" duration-ms="29767" status="PASS">
          <reporter-output>
          </reporter-output>
        </test-method> <!-- initialize -->
        <test-method signature="navigatetorepository(java.lang.String, java.lang.String, java.lang.String)[pri:0, instance:testcases.NavigationPageTC@d706f19]" started-at="2022-08-20T10:03:27 IST" name="navigatetorepository" finished-at="2022-08-20T10:03:27 IST" duration-ms="0" status="FAIL">
          <exception class="org.testng.TestNGException">
            <message>
              <![CDATA[
Cannot inject @Test annotated Method [navigatetorepository] with [class java.lang.String, class java.lang.String, class java.lang.String].
For more information on native dependency injection please refer to https://testng.org/doc/documentation-main.html#native-dependency-injection]]>
            </message>
            <full-stacktrace>
              <![CDATA[org.testng.TestNGException: 
Cannot inject @Test annotated Method [navigatetorepository] with [class java.lang.String, class java.lang.String, class java.lang.String].
For more information on native dependency injection please refer to https://testng.org/doc/documentation-main.html#native-dependency-injection
at org.testng.internal.Parameters.checkParameterTypes(Parameters.java:437)
at org.testng.internal.Parameters.createParametersForMethod(Parameters.java:351)
at org.testng.internal.Parameters.createParameters(Parameters.java:708)
at org.testng.internal.Parameters.handleParameters(Parameters.java:875)
at org.testng.internal.Parameters.handleParameters(Parameters.java:740)
at org.testng.internal.ParameterHandler.handleParameters(ParameterHandler.java:59)
at org.testng.internal.ParameterHandler.createParameters(ParameterHandler.java:38)
at org.testng.internal.TestInvoker$MethodInvocationAgent.invoke(TestInvoker.java:789)
at org.testng.internal.TestInvoker.invokeTestMethods(TestInvoker.java:147)
at org.testng.internal.TestMethodWorker.invokeTestMethods(TestMethodWorker.java:146)
at org.testng.internal.TestMethodWorker.run(TestMethodWorker.java:128)
at java.base/java.util.ArrayList.forEach(ArrayList.java:1511)
at org.testng.TestRunner.privateRun(TestRunner.java:764)
at org.testng.TestRunner.run(TestRunner.java:585)
at org.testng.SuiteRunner.runTest(SuiteRunner.java:384)
at org.testng.SuiteRunner.runSequentially(SuiteRunner.java:378)
at org.testng.SuiteRunner.privateRun(SuiteRunner.java:337)
at org.testng.SuiteRunner.run(SuiteRunner.java:286)
at org.testng.SuiteRunnerWorker.runSuite(SuiteRunnerWorker.java:53)
at org.testng.SuiteRunnerWorker.run(SuiteRunnerWorker.java:96)
at org.testng.TestNG.runSuitesSequentially(TestNG.java:1218)
at org.testng.TestNG.runSuitesLocally(TestNG.java:1140)
at org.testng.TestNG.runSuites(TestNG.java:1069)
at org.testng.TestNG.run(TestNG.java:1037)
at org.testng.remote.AbstractRemoteTestNG.run(AbstractRemoteTestNG.java:115)
at org.testng.remote.RemoteTestNG.initAndRun(RemoteTestNG.java:251)
at org.testng.remote.RemoteTestNG.main(RemoteTestNG.java:77)
]]>
            </full-stacktrace>
          </exception> <!-- org.testng.TestNGException -->
          <reporter-output>
          </reporter-output>
        </test-method> <!-- navigatetorepository -->
        <test-method is-config="true" signature="teardown()[pri:0, instance:testcases.NavigationPageTC@d706f19]" started-at="2022-08-20T10:03:27 IST" name="teardown" finished-at="2022-08-20T10:03:31 IST" duration-ms="4279" status="PASS">
          <reporter-output>
          </reporter-output>
        </test-method> <!-- teardown -->
      </class> <!-- testcases.NavigationPageTC -->
    </test> <!-- Default test -->
  </suite> <!-- Default suite -->
</testng-results>
